Sender: LSF System <lsfadmin@host315.jc.rl.ac.uk>
Subject: Job 7102517: <./fileset_table_creator_wrapper.sh> in cluster <lotus> Done

Job <./fileset_table_creator_wrapper.sh> was submitted from host <jasmin-sci5-panfs.ceda.ac.uk> by user <rpetrie> in cluster <lotus>.
Job was executed on host(s) <host315.jc.rl.ac.uk>, in queue <short-serial>, as user <rpetrie> in cluster <lotus>.
</home/users/rpetrie> was used as the home directory.
</home/users/rpetrie/cmip6/cmip6-fileset-estimator/scripts> was used as the working directory.
Started at Results reported on 
Your job looked like:

------------------------------------------------------------
# LSBATCH: User input
./fileset_table_creator_wrapper.sh
------------------------------------------------------------

Successfully completed.

Resource usage summary:

    CPU time :                                   145.97 sec.
    Max Memory :                                 109 MB
    Average Memory :                             40.62 MB
    Total Requested Memory :                     -
    Delta Memory :                               -
    Max Swap :                                   874 MB
    Max Processes :                              6
    Max Threads :                                7
    Run time :                                   303 sec.
    Turnaround time :                            299 sec.

The output (if any) follows:

AWI-CM-1-1-LR
AWI-CM-1-1-MR
MISSING /home/users/rpetrie/cmip6/cmip6-fileset-estimator/vols/simulation_level_fileset_vols/cmip6_fileset_volumes_AWI-CM-1-1-MR_PAMIP.txt
AWI-ESM-1-1-LR
AWI-ESM-2-1-LR
MISSING /home/users/rpetrie/cmip6/cmip6-fileset-estimator/vols/simulation_level_fileset_vols/cmip6_fileset_volumes_AWI-ESM-2-1-LR_CMIP.txt
MISSING /home/users/rpetrie/cmip6/cmip6-fileset-estimator/vols/simulation_level_fileset_vols/cmip6_fileset_volumes_AWI-ESM-2-1-LR_PMIP.txt
BCC-CSM2-HR
New fileset table created
