Sender: LSF System <lsfadmin@host311.jc.rl.ac.uk>
Subject: Job 7103083: <./fileset_table_creator_wrapper.sh> in cluster <lotus> Done

Job <./fileset_table_creator_wrapper.sh> was submitted from host <jasmin-sci5-panfs.ceda.ac.uk> by user <rpetrie> in cluster <lotus>.
Job was executed on host(s) <host311.jc.rl.ac.uk>, in queue <short-serial>, as user <rpetrie> in cluster <lotus>.
</home/users/rpetrie> was used as the home directory.
</home/users/rpetrie/cmip6/cmip6-fileset-estimator/scripts> was used as the working directory.
Started at Results reported on 
Your job looked like:

------------------------------------------------------------
# LSBATCH: User input
./fileset_table_creator_wrapper.sh
------------------------------------------------------------

Successfully completed.

Resource usage summary:

    CPU time :                                   490.69 sec.
    Max Memory :                                 111 MB
    Average Memory :                             97.40 MB
    Total Requested Memory :                     -
    Delta Memory :                               -
    Max Swap :                                   876 MB
    Max Processes :                              6
    Max Threads :                                7
    Run time :                                   503 sec.
    Turnaround time :                            502 sec.

The output (if any) follows:

Traceback (most recent call last):
  File "create_filesets_table.py", line 356, in <module>
    run_main(cmip6_model=args.model, cmip6_mip=args.mip)
  File "create_filesets_table.py", line 343, in run_main
    get_volumes(models_and_mips, experiments_info, output_file, cmip6_model=cmip6_model, cmip6_mip=cmip6_mip)
  File "create_filesets_table.py", line 272, in get_volumes
    table_var_vols, simVol = call_data_request(cmip6_model, model_cfgs, cmip6_mip, experiment, mips, tier=int(tier))
  File "create_filesets_table.py", line 113, in call_data_request
    table_vols, mipVol = parse_dreq_out(lines, mip, nmips)
  File "create_filesets_table.py", line 154, in parse_dreq_out
    table_vols = calc_table_variable_volumes(line, table_vols)
  File "create_filesets_table.py", line 170, in calc_table_variable_volumes
    table, var, vol = table_var[0], table_var[1], float(l[-1].strip().strip('Tb'))
IndexError: list index out of range
Traceback (most recent call last):
  File "create_filesets_table.py", line 356, in <module>
    run_main(cmip6_model=args.model, cmip6_mip=args.mip)
  File "create_filesets_table.py", line 343, in run_main
    get_volumes(models_and_mips, experiments_info, output_file, cmip6_model=cmip6_model, cmip6_mip=cmip6_mip)
  File "create_filesets_table.py", line 272, in get_volumes
    table_var_vols, simVol = call_data_request(cmip6_model, model_cfgs, cmip6_mip, experiment, mips, tier=int(tier))
  File "create_filesets_table.py", line 113, in call_data_request
    table_vols, mipVol = parse_dreq_out(lines, mip, nmips)
  File "create_filesets_table.py", line 154, in parse_dreq_out
    table_vols = calc_table_variable_volumes(line, table_vols)
  File "create_filesets_table.py", line 170, in calc_table_variable_volumes
    table, var, vol = table_var[0], table_var[1], float(l[-1].strip().strip('Tb'))
IndexError: list index out of range
Traceback (most recent call last):
  File "create_filesets_table.py", line 356, in <module>
    run_main(cmip6_model=args.model, cmip6_mip=args.mip)
  File "create_filesets_table.py", line 343, in run_main
    get_volumes(models_and_mips, experiments_info, output_file, cmip6_model=cmip6_model, cmip6_mip=cmip6_mip)
  File "create_filesets_table.py", line 272, in get_volumes
    table_var_vols, simVol = call_data_request(cmip6_model, model_cfgs, cmip6_mip, experiment, mips, tier=int(tier))
  File "create_filesets_table.py", line 113, in call_data_request
    table_vols, mipVol = parse_dreq_out(lines, mip, nmips)
  File "create_filesets_table.py", line 154, in parse_dreq_out
    table_vols = calc_table_variable_volumes(line, table_vols)
  File "create_filesets_table.py", line 170, in calc_table_variable_volumes
    table, var, vol = table_var[0], table_var[1], float(l[-1].strip().strip('Tb'))
IndexError: list index out of range
Traceback (most recent call last):
  File "create_filesets_table.py", line 356, in <module>
    run_main(cmip6_model=args.model, cmip6_mip=args.mip)
  File "create_filesets_table.py", line 343, in run_main
    get_volumes(models_and_mips, experiments_info, output_file, cmip6_model=cmip6_model, cmip6_mip=cmip6_mip)
  File "create_filesets_table.py", line 310, in get_volumes
    log_granularity(ofile,appender, partial_table_fileset,("{}/*/{}".format(experiment, table)),7,fileset_depth_string_partial)
  File "create_filesets_table.py", line 247, in log_granularity
    appender.write_fileset(fileset_depth_string, volume_type)
  File "/home/users/rpetrie/cmip6/cmip6-fileset-estimator/scripts/fileset_appender.py", line 44, in write_fileset
    f.write("{} {:.10f}\n".format(fileset, size))
TypeError: unsupported format string passed to list.__format__
Traceback (most recent call last):
  File "create_filesets_table.py", line 356, in <module>
    run_main(cmip6_model=args.model, cmip6_mip=args.mip)
  File "create_filesets_table.py", line 343, in run_main
    get_volumes(models_and_mips, experiments_info, output_file, cmip6_model=cmip6_model, cmip6_mip=cmip6_mip)
  File "create_filesets_table.py", line 308, in get_volumes
    if partial_table_fileset:
UnboundLocalError: local variable 'partial_table_fileset' referenced before assignment
GISS-E2-2-G
MISSING /home/users/rpetrie/cmip6/cmip6-fileset-estimator/vols/simulation_level_fileset_vols/cmip6_fileset_volumes_GISS-E2-2-G_AerChemMIP.txt
MISSING /home/users/rpetrie/cmip6/cmip6-fileset-estimator/vols/simulation_level_fileset_vols/cmip6_fileset_volumes_GISS-E2-2-G_DAMIP.txt
MISSING /home/users/rpetrie/cmip6/cmip6-fileset-estimator/vols/simulation_level_fileset_vols/cmip6_fileset_volumes_GISS-E2-2-G_DynVarMIP.txt
MISSING /home/users/rpetrie/cmip6/cmip6-fileset-estimator/vols/simulation_level_fileset_vols/cmip6_fileset_volumes_GISS-E2-2-G_FAFMIP.txt
MISSING /home/users/rpetrie/cmip6/cmip6-fileset-estimator/vols/simulation_level_fileset_vols/cmip6_fileset_volumes_GISS-E2-2-G_GMMIP.txt
MISSING /home/users/rpetrie/cmip6/cmip6-fileset-estimator/vols/simulation_level_fileset_vols/cmip6_fileset_volumes_GISS-E2-2-G_ISMIP6.txt
MISSING /home/users/rpetrie/cmip6/cmip6-fileset-estimator/vols/simulation_level_fileset_vols/cmip6_fileset_volumes_GISS-E2-2-G_LS3MIP.txt
MISSING /home/users/rpetrie/cmip6/cmip6-fileset-estimator/vols/simulation_level_fileset_vols/cmip6_fileset_volumes_GISS-E2-2-G_LUMIP.txt
MISSING /home/users/rpetrie/cmip6/cmip6-fileset-estimator/vols/simulation_level_fileset_vols/cmip6_fileset_volumes_GISS-E2-2-G_OMIP.txt
MISSING /home/users/rpetrie/cmip6/cmip6-fileset-estimator/vols/simulation_level_fileset_vols/cmip6_fileset_volumes_GISS-E2-2-G_PAMIP.txt
MISSING /home/users/rpetrie/cmip6/cmip6-fileset-estimator/vols/simulation_level_fileset_vols/cmip6_fileset_volumes_GISS-E2-2-G_PMIP.txt
MISSING /home/users/rpetrie/cmip6/cmip6-fileset-estimator/vols/simulation_level_fileset_vols/cmip6_fileset_volumes_GISS-E2-2-G_RFMIP.txt
MISSING /home/users/rpetrie/cmip6/cmip6-fileset-estimator/vols/simulation_level_fileset_vols/cmip6_fileset_volumes_GISS-E2-2-G_SIMIP.txt
MISSING /home/users/rpetrie/cmip6/cmip6-fileset-estimator/vols/simulation_level_fileset_vols/cmip6_fileset_volumes_GISS-E2-2-G_ScenarioMIP.txt
MISSING /home/users/rpetrie/cmip6/cmip6-fileset-estimator/vols/simulation_level_fileset_vols/cmip6_fileset_volumes_GISS-E2-2-G_VIACSAB.txt
MISSING /home/users/rpetrie/cmip6/cmip6-fileset-estimator/vols/simulation_level_fileset_vols/cmip6_fileset_volumes_GISS-E2-2-G_VolMIP.txt
GISS-E3-G
HadGEM3-GC31-HH
HadGEM3-GC31-HM
HadGEM3-GC31-LL
HadGEM3-GC31-LM
HadGEM3-GC31-MH
HadGEM3-GC31-MM
HiRAM-SIT-HR
MISSING /home/users/rpetrie/cmip6/cmip6-fileset-estimator/vols/simulation_level_fileset_vols/cmip6_fileset_volumes_HiRAM-SIT-HR_HighResMIP.txt
HiRAM-SIT-LR
MISSING /home/users/rpetrie/cmip6/cmip6-fileset-estimator/vols/simulation_level_fileset_vols/cmip6_fileset_volumes_HiRAM-SIT-LR_HighResMIP.txt
updated table
