Sender: LSF System <lsfadmin@host315.jc.rl.ac.uk>
Subject: Job 7103069: <./fileset_table_creator_wrapper.sh> in cluster <lotus> Done

Job <./fileset_table_creator_wrapper.sh> was submitted from host <jasmin-sci5-panfs.ceda.ac.uk> by user <rpetrie> in cluster <lotus>.
Job was executed on host(s) <host315.jc.rl.ac.uk>, in queue <short-serial>, as user <rpetrie> in cluster <lotus>.
</home/users/rpetrie> was used as the home directory.
</home/users/rpetrie/cmip6/cmip6-fileset-estimator/scripts> was used as the working directory.
Started at Results reported on 
Your job looked like:

------------------------------------------------------------
# LSBATCH: User input
./fileset_table_creator_wrapper.sh
------------------------------------------------------------

Successfully completed.

Resource usage summary:

    CPU time :                                   112.63 sec.
    Max Memory :                                 106 MB
    Average Memory :                             97.80 MB
    Total Requested Memory :                     -
    Delta Memory :                               -
    Max Swap :                                   874 MB
    Max Processes :                              6
    Max Threads :                                7
    Run time :                                   115 sec.
    Turnaround time :                            116 sec.

The output (if any) follows:

Traceback (most recent call last):
  File "create_filesets_table.py", line 356, in <module>
    run_main(cmip6_model=args.model, cmip6_mip=args.mip)
  File "create_filesets_table.py", line 343, in run_main
    get_volumes(models_and_mips, experiments_info, output_file, cmip6_model=cmip6_model, cmip6_mip=cmip6_mip)
  File "create_filesets_table.py", line 310, in get_volumes
    log_granularity(ofile,appender, partial_table_fileset,("{}/*/{}".format(experiment, table)),7,fileset_depth_string_partial)
  File "create_filesets_table.py", line 247, in log_granularity
    appender.write_fileset(fileset_depth_string, volume_type)
  File "/home/users/rpetrie/cmip6/cmip6-fileset-estimator/scripts/fileset_appender.py", line 44, in write_fileset
    f.write("{} {:.10f}\n".format(fileset, size))
TypeError: unsupported format string passed to list.__format__
Traceback (most recent call last):
  File "create_filesets_table.py", line 356, in <module>
    run_main(cmip6_model=args.model, cmip6_mip=args.mip)
  File "create_filesets_table.py", line 343, in run_main
    get_volumes(models_and_mips, experiments_info, output_file, cmip6_model=cmip6_model, cmip6_mip=cmip6_mip)
  File "create_filesets_table.py", line 272, in get_volumes
    table_var_vols, simVol = call_data_request(cmip6_model, model_cfgs, cmip6_mip, experiment, mips, tier=int(tier))
  File "create_filesets_table.py", line 113, in call_data_request
    table_vols, mipVol = parse_dreq_out(lines, mip, nmips)
  File "create_filesets_table.py", line 154, in parse_dreq_out
    table_vols = calc_table_variable_volumes(line, table_vols)
  File "create_filesets_table.py", line 170, in calc_table_variable_volumes
    table, var, vol = table_var[0], table_var[1], float(l[-1].strip().strip('Tb'))
IndexError: list index out of range
ECMWF-IFS-LR
ECMWF-IFS-MR
EMAC-2-53-Vol
EMAC-2-54-AerChem
FGOALS-f3-H
MISSING /home/users/rpetrie/cmip6/cmip6-fileset-estimator/vols/simulation_level_fileset_vols/cmip6_fileset_volumes_FGOALS-f3-H_OMIP.txt
FGOALS-f3-L
MISSING /home/users/rpetrie/cmip6/cmip6-fileset-estimator/vols/simulation_level_fileset_vols/cmip6_fileset_volumes_FGOALS-f3-L_PAMIP.txt
MISSING /home/users/rpetrie/cmip6/cmip6-fileset-estimator/vols/simulation_level_fileset_vols/cmip6_fileset_volumes_FGOALS-f3-L_PMIP.txt
FGOALS-g3
FIO-ESM-2-0
GFDL-AM4
GFDL-CM4
MISSING /home/users/rpetrie/cmip6/cmip6-fileset-estimator/vols/simulation_level_fileset_vols/cmip6_fileset_volumes_GFDL-CM4_DAMIP.txt
updated table
