Sender: LSF System <lsfadmin@host422.jc.rl.ac.uk>
Subject: Job 7103084: <./fileset_table_creator_wrapper.sh> in cluster <lotus> Done

Job <./fileset_table_creator_wrapper.sh> was submitted from host <jasmin-sci5-panfs.ceda.ac.uk> by user <rpetrie> in cluster <lotus>.
Job was executed on host(s) <host422.jc.rl.ac.uk>, in queue <short-serial>, as user <rpetrie> in cluster <lotus>.
</home/users/rpetrie> was used as the home directory.
</home/users/rpetrie/cmip6/cmip6-fileset-estimator/scripts> was used as the working directory.
Started at Results reported on 
Your job looked like:

------------------------------------------------------------
# LSBATCH: User input
./fileset_table_creator_wrapper.sh
------------------------------------------------------------

Successfully completed.

Resource usage summary:

    CPU time :                                   44.52 sec.
    Max Memory :                                 28 MB
    Average Memory :                             28.00 MB
    Total Requested Memory :                     -
    Delta Memory :                               -
    Max Swap :                                   440 MB
    Max Processes :                              4
    Max Threads :                                5
    Run time :                                   55 sec.
    Turnaround time :                            55 sec.

The output (if any) follows:

Traceback (most recent call last):
  File "create_filesets_table.py", line 356, in <module>
    run_main(cmip6_model=args.model, cmip6_mip=args.mip)
  File "create_filesets_table.py", line 343, in run_main
    get_volumes(models_and_mips, experiments_info, output_file, cmip6_model=cmip6_model, cmip6_mip=cmip6_mip)
  File "create_filesets_table.py", line 272, in get_volumes
    table_var_vols, simVol = call_data_request(cmip6_model, model_cfgs, cmip6_mip, experiment, mips, tier=int(tier))
  File "create_filesets_table.py", line 113, in call_data_request
    table_vols, mipVol = parse_dreq_out(lines, mip, nmips)
  File "create_filesets_table.py", line 145, in parse_dreq_out
    table_vols = calc_table_variable_volumes(line, table_vols)
  File "create_filesets_table.py", line 170, in calc_table_variable_volumes
    table, var, vol = table_var[0], table_var[1], float(l[-1].strip().strip('Tb'))
IndexError: list index out of range
Traceback (most recent call last):
  File "create_filesets_table.py", line 356, in <module>
    run_main(cmip6_model=args.model, cmip6_mip=args.mip)
  File "create_filesets_table.py", line 343, in run_main
    get_volumes(models_and_mips, experiments_info, output_file, cmip6_model=cmip6_model, cmip6_mip=cmip6_mip)
  File "create_filesets_table.py", line 272, in get_volumes
    table_var_vols, simVol = call_data_request(cmip6_model, model_cfgs, cmip6_mip, experiment, mips, tier=int(tier))
  File "create_filesets_table.py", line 113, in call_data_request
    table_vols, mipVol = parse_dreq_out(lines, mip, nmips)
  File "create_filesets_table.py", line 145, in parse_dreq_out
    table_vols = calc_table_variable_volumes(line, table_vols)
  File "create_filesets_table.py", line 170, in calc_table_variable_volumes
    table, var, vol = table_var[0], table_var[1], float(l[-1].strip().strip('Tb'))
IndexError: list index out of range
Traceback (most recent call last):
  File "create_filesets_table.py", line 356, in <module>
    run_main(cmip6_model=args.model, cmip6_mip=args.mip)
  File "create_filesets_table.py", line 343, in run_main
    get_volumes(models_and_mips, experiments_info, output_file, cmip6_model=cmip6_model, cmip6_mip=cmip6_mip)
  File "create_filesets_table.py", line 308, in get_volumes
    if partial_table_fileset:
UnboundLocalError: local variable 'partial_table_fileset' referenced before assignment
ICON-ESM-LR
IITM-ESM
INM-CM4-8
INM-CM5-0
INM-CM5-H
IPSL-CM5A2-INCA
MISSING /home/users/rpetrie/cmip6/cmip6-fileset-estimator/vols/simulation_level_fileset_vols/cmip6_fileset_volumes_IPSL-CM5A2-INCA_AerChemMIP.txt
IPSL-CM6A-ATM-HR
IPSL-CM6A-LR
IPSL-CM6A-LR-INCA
MISSING /home/users/rpetrie/cmip6/cmip6-fileset-estimator/vols/simulation_level_fileset_vols/cmip6_fileset_volumes_IPSL-CM6A-LR-INCA_AerChemMIP.txt
IPSL-CM7A-ATM-HR
MISSING /home/users/rpetrie/cmip6/cmip6-fileset-estimator/vols/simulation_level_fileset_vols/cmip6_fileset_volumes_IPSL-CM7A-ATM-HR_HighResMIP.txt
updated table
