Sender: LSF System <lsfadmin@host315.jc.rl.ac.uk>
Subject: Job 7103085: <./fileset_table_creator_wrapper.sh> in cluster <lotus> Done

Job <./fileset_table_creator_wrapper.sh> was submitted from host <jasmin-sci5-panfs.ceda.ac.uk> by user <rpetrie> in cluster <lotus>.
Job was executed on host(s) <host315.jc.rl.ac.uk>, in queue <short-serial>, as user <rpetrie> in cluster <lotus>.
</home/users/rpetrie> was used as the home directory.
</home/users/rpetrie/cmip6/cmip6-fileset-estimator/scripts> was used as the working directory.
Started at Results reported on 
Your job looked like:

------------------------------------------------------------
# LSBATCH: User input
./fileset_table_creator_wrapper.sh
------------------------------------------------------------

Successfully completed.

Resource usage summary:

    CPU time :                                   96.71 sec.
    Max Memory :                                 109 MB
    Average Memory :                             75.50 MB
    Total Requested Memory :                     -
    Delta Memory :                               -
    Max Swap :                                   874 MB
    Max Processes :                              6
    Max Threads :                                7
    Run time :                                   100 sec.
    Turnaround time :                            100 sec.

The output (if any) follows:

Traceback (most recent call last):
  File "create_filesets_table.py", line 356, in <module>
    run_main(cmip6_model=args.model, cmip6_mip=args.mip)
  File "create_filesets_table.py", line 343, in run_main
    get_volumes(models_and_mips, experiments_info, output_file, cmip6_model=cmip6_model, cmip6_mip=cmip6_mip)
  File "create_filesets_table.py", line 272, in get_volumes
    table_var_vols, simVol = call_data_request(cmip6_model, model_cfgs, cmip6_mip, experiment, mips, tier=int(tier))
  File "create_filesets_table.py", line 113, in call_data_request
    table_vols, mipVol = parse_dreq_out(lines, mip, nmips)
  File "create_filesets_table.py", line 154, in parse_dreq_out
    table_vols = calc_table_variable_volumes(line, table_vols)
  File "create_filesets_table.py", line 170, in calc_table_variable_volumes
    table, var, vol = table_var[0], table_var[1], float(l[-1].strip().strip('Tb'))
IndexError: list index out of range
Traceback (most recent call last):
  File "create_filesets_table.py", line 356, in <module>
    run_main(cmip6_model=args.model, cmip6_mip=args.mip)
  File "create_filesets_table.py", line 343, in run_main
    get_volumes(models_and_mips, experiments_info, output_file, cmip6_model=cmip6_model, cmip6_mip=cmip6_mip)
  File "create_filesets_table.py", line 272, in get_volumes
    table_var_vols, simVol = call_data_request(cmip6_model, model_cfgs, cmip6_mip, experiment, mips, tier=int(tier))
  File "create_filesets_table.py", line 113, in call_data_request
    table_vols, mipVol = parse_dreq_out(lines, mip, nmips)
  File "create_filesets_table.py", line 154, in parse_dreq_out
    table_vols = calc_table_variable_volumes(line, table_vols)
  File "create_filesets_table.py", line 170, in calc_table_variable_volumes
    table, var, vol = table_var[0], table_var[1], float(l[-1].strip().strip('Tb'))
IndexError: list index out of range
IPSL-CM7A-ATM-LR
MISSING /home/users/rpetrie/cmip6/cmip6-fileset-estimator/vols/simulation_level_fileset_vols/cmip6_fileset_volumes_IPSL-CM7A-ATM-LR_HighResMIP.txt
KACE-1-0-G
KIOST-ESM
MISSING /home/users/rpetrie/cmip6/cmip6-fileset-estimator/vols/simulation_level_fileset_vols/cmip6_fileset_volumes_KIOST-ESM_ScenarioMIP.txt
LBLRTM-12-8
MCM-UA-1-0
MIROC-ES2H
MIROC-ES2H-NB
MISSING /home/users/rpetrie/cmip6/cmip6-fileset-estimator/vols/simulation_level_fileset_vols/cmip6_fileset_volumes_MIROC-ES2H-NB_AerChemMIP.txt
MISSING /home/users/rpetrie/cmip6/cmip6-fileset-estimator/vols/simulation_level_fileset_vols/cmip6_fileset_volumes_MIROC-ES2H-NB_CMIP.txt
MIROC-ES2L
MIROC6
MPI-ESM-1-2-HAM
updated table
