Sender: LSF System <lsfadmin@host318.jc.rl.ac.uk>
Subject: Job 7103063: <./fileset_table_creator_wrapper.sh> in cluster <lotus> Done

Job <./fileset_table_creator_wrapper.sh> was submitted from host <jasmin-sci5-panfs.ceda.ac.uk> by user <rpetrie> in cluster <lotus>.
Job was executed on host(s) <host318.jc.rl.ac.uk>, in queue <short-serial>, as user <rpetrie> in cluster <lotus>.
</home/users/rpetrie> was used as the home directory.
</home/users/rpetrie/cmip6/cmip6-fileset-estimator/scripts> was used as the working directory.
Started at Results reported on 
Your job looked like:

------------------------------------------------------------
# LSBATCH: User input
./fileset_table_creator_wrapper.sh
------------------------------------------------------------

Successfully completed.

Resource usage summary:

    CPU time :                                   1.08 sec.
    Max Memory :                                 -
    Average Memory :                             -
    Total Requested Memory :                     -
    Delta Memory :                               -
    Max Swap :                                   -
    Max Processes :                              -
    Max Threads :                                -
    Run time :                                   6 sec.
    Turnaround time :                            3 sec.

The output (if any) follows:

EC-Earth3-CC
EC-Earth3-GrIS
EC-Earth3-HR
EC-Earth3-LR
EC-Earth3-Veg
MISSING /home/users/rpetrie/cmip6/cmip6-fileset-estimator/vols/simulation_level_fileset_vols/cmip6_fileset_volumes_EC-Earth3-Veg_CORDEX.txt
EC-Earth3-Veg-LR
EC-Earth3P
EC-Earth3P-HR
EC-Earth3P-VHR
ECMWF-IFS-HR
updated table
