Sender: LSF System <lsfadmin@host318.jc.rl.ac.uk>
Subject: Job 7103057: <./fileset_table_creator_wrapper.sh> in cluster <lotus> Done

Job <./fileset_table_creator_wrapper.sh> was submitted from host <jasmin-sci5-panfs.ceda.ac.uk> by user <rpetrie> in cluster <lotus>.
Job was executed on host(s) <host318.jc.rl.ac.uk>, in queue <short-serial>, as user <rpetrie> in cluster <lotus>.
</home/users/rpetrie> was used as the home directory.
</home/users/rpetrie/cmip6/cmip6-fileset-estimator/scripts> was used as the working directory.
Started at Results reported on 
Your job looked like:

------------------------------------------------------------
# LSBATCH: User input
./fileset_table_creator_wrapper.sh
------------------------------------------------------------

Successfully completed.

Resource usage summary:

    CPU time :                                   233.85 sec.
    Max Memory :                                 110 MB
    Average Memory :                             94.63 MB
    Total Requested Memory :                     -
    Delta Memory :                               -
    Max Swap :                                   877 MB
    Max Processes :                              6
    Max Threads :                                7
    Run time :                                   249 sec.
    Turnaround time :                            246 sec.

The output (if any) follows:

Traceback (most recent call last):
  File "create_filesets_table.py", line 356, in <module>
    run_main(cmip6_model=args.model, cmip6_mip=args.mip)
  File "create_filesets_table.py", line 343, in run_main
    get_volumes(models_and_mips, experiments_info, output_file, cmip6_model=cmip6_model, cmip6_mip=cmip6_mip)
  File "create_filesets_table.py", line 272, in get_volumes
    table_var_vols, simVol = call_data_request(cmip6_model, model_cfgs, cmip6_mip, experiment, mips, tier=int(tier))
  File "create_filesets_table.py", line 113, in call_data_request
    table_vols, mipVol = parse_dreq_out(lines, mip, nmips)
  File "create_filesets_table.py", line 154, in parse_dreq_out
    table_vols = calc_table_variable_volumes(line, table_vols)
  File "create_filesets_table.py", line 170, in calc_table_variable_volumes
    table, var, vol = table_var[0], table_var[1], float(l[-1].strip().strip('Tb'))
IndexError: list index out of range
CESM2-SE
CESM2-WACCM
CESM2-WACCM-FV2
CIESM
CMCC-CM2-HR4
CMCC-CM2-SR5
CMCC-CM2-VHR4
CMCC-ESM2
MISSING /home/users/rpetrie/cmip6/cmip6-fileset-estimator/vols/simulation_level_fileset_vols/cmip6_fileset_volumes_CMCC-ESM2_C4MIP.txt
MISSING /home/users/rpetrie/cmip6/cmip6-fileset-estimator/vols/simulation_level_fileset_vols/cmip6_fileset_volumes_CMCC-ESM2_CMIP.txt
MISSING /home/users/rpetrie/cmip6/cmip6-fileset-estimator/vols/simulation_level_fileset_vols/cmip6_fileset_volumes_CMCC-ESM2_LS3MIP.txt
MISSING /home/users/rpetrie/cmip6/cmip6-fileset-estimator/vols/simulation_level_fileset_vols/cmip6_fileset_volumes_CMCC-ESM2_LUMIP.txt
MISSING /home/users/rpetrie/cmip6/cmip6-fileset-estimator/vols/simulation_level_fileset_vols/cmip6_fileset_volumes_CMCC-ESM2_OMIP.txt
MISSING /home/users/rpetrie/cmip6/cmip6-fileset-estimator/vols/simulation_level_fileset_vols/cmip6_fileset_volumes_CMCC-ESM2_ScenarioMIP.txt
CNRM-CM6-1
CNRM-CM6-1-HR
updated table
