Sender: LSF System <lsfadmin@host311.jc.rl.ac.uk>
Subject: Job 7103070: <./fileset_table_creator_wrapper.sh> in cluster <lotus> Done

Job <./fileset_table_creator_wrapper.sh> was submitted from host <jasmin-sci5-panfs.ceda.ac.uk> by user <rpetrie> in cluster <lotus>.
Job was executed on host(s) <host311.jc.rl.ac.uk>, in queue <short-serial>, as user <rpetrie> in cluster <lotus>.
</home/users/rpetrie> was used as the home directory.
</home/users/rpetrie/cmip6/cmip6-fileset-estimator/scripts> was used as the working directory.
Started at Results reported on 
Your job looked like:

------------------------------------------------------------
# LSBATCH: User input
./fileset_table_creator_wrapper.sh
------------------------------------------------------------

Successfully completed.

Resource usage summary:

    CPU time :                                   52.61 sec.
    Max Memory :                                 106 MB
    Average Memory :                             106.00 MB
    Total Requested Memory :                     -
    Delta Memory :                               -
    Max Swap :                                   874 MB
    Max Processes :                              6
    Max Threads :                                7
    Run time :                                   58 sec.
    Turnaround time :                            55 sec.

The output (if any) follows:

GFDL-CM4C192
GFDL-ESM2M
GFDL-ESM4
GFDL-GLOBAL-LBL
GFDL-GRTCODE
GFDL-OM4p5B
GFDL-RFM-DISORT
GISS-E2-1-G
GISS-E2-1-G-CC
MISSING /home/users/rpetrie/cmip6/cmip6-fileset-estimator/vols/simulation_level_fileset_vols/cmip6_fileset_volumes_GISS-E2-1-G-CC_C4MIP.txt
GISS-E2-1-H
updated table
