Sender: LSF System <lsfadmin@host302.jc.rl.ac.uk>
Subject: Job 7112118: <./fileset_table_creator_wrapper.sh> in cluster <lotus> Done

Job <./fileset_table_creator_wrapper.sh> was submitted from host <jasmin-sci5-panfs.ceda.ac.uk> by user <rpetrie> in cluster <lotus>.
Job was executed on host(s) <host302.jc.rl.ac.uk>, in queue <short-serial>, as user <rpetrie> in cluster <lotus>.
</home/users/rpetrie> was used as the home directory.
</home/users/rpetrie/cmip6/cmip6-fileset-estimator/scripts> was used as the working directory.
Started at Results reported on 
Your job looked like:

------------------------------------------------------------
# LSBATCH: User input
./fileset_table_creator_wrapper.sh
------------------------------------------------------------

Successfully completed.

Resource usage summary:

    CPU time :                                   0.82 sec.
    Max Memory :                                 -
    Average Memory :                             -
    Total Requested Memory :                     -
    Delta Memory :                               -
    Max Swap :                                   -
    Max Processes :                              -
    Max Threads :                                -
    Run time :                                   2 sec.
    Turnaround time :                            1 sec.

The output (if any) follows:

4AOP-v1-5
ACCESS-CM2
ACCESS-ESM1-5
ARTS-2-3
AWI-CM-1-1-HR
AWI-CM-1-1-LR
AWI-CM-1-1-MR
AWI-ESM-1-1-LR
AWI-ESM-2-1-LR
BCC-CSM2-HR
BCC-CSM2-MR
BCC-ESM1
BESM-2-9
BNU-ESM-1-1
CAMS-CSM1-0
CAS-ESM2-0
CESM1-1-CAM5-CMIP5
CESM1-WACCM-SC
CESM2
CESM2-FV2
CESM2-SE
CESM2-WACCM
CESM2-WACCM-FV2
CIESM
CMCC-CM2-HR4
CMCC-CM2-SR5
CMCC-CM2-VHR4
CMCC-ESM2
CNRM-CM6-1
CNRM-CM6-1-HR
CNRM-ESM2-1
CNRM-ESM2-1-HR
CSIRO-Mk3L-1-3
CanESM5
CanESM5-CanOE
E3SM-1-0
E3SM-1-1
E3SM-1-1-ECA
EC-Earth3
EC-Earth3-AerChem
EC-Earth3-CC
EC-Earth3-GrIS
EC-Earth3-HR
EC-Earth3-LR
EC-Earth3-Veg
EC-Earth3-Veg-LR
EC-Earth3P
EC-Earth3P-HR
EC-Earth3P-VHR
ECMWF-IFS-HR
ECMWF-IFS-LR
ECMWF-IFS-MR
EMAC-2-53-Vol
EMAC-2-54-AerChem
FGOALS-f3-H
FGOALS-f3-L
FGOALS-g3
FIO-ESM-2-0
GFDL-AM4
GFDL-CM4
GFDL-CM4C192
GFDL-ESM2M
GFDL-ESM4
GFDL-GLOBAL-LBL
GFDL-GRTCODE
GFDL-OM4p5B
GFDL-RFM-DISORT
GISS-E2-1-G
GISS-E2-1-G-CC
GISS-E2-1-H
GISS-E2-2-G
GISS-E3-G
HadGEM3-GC31-HH
HadGEM3-GC31-HM
HadGEM3-GC31-LL
HadGEM3-GC31-LM
HadGEM3-GC31-MH
HadGEM3-GC31-MM
HiRAM-SIT-HR
HiRAM-SIT-LR
ICON-ESM-LR
IITM-ESM
INM-CM4-8
INM-CM5-0
INM-CM5-H
IPSL-CM5A2-INCA
IPSL-CM6A-ATM-HR
IPSL-CM6A-LR
IPSL-CM6A-LR-INCA
IPSL-CM7A-ATM-HR
IPSL-CM7A-ATM-LR
KACE-1-0-G
KIOST-ESM
LBLRTM-12-8
MCM-UA-1-0
MIROC-ES2H
MIROC-ES2H-NB
MIROC-ES2L
MIROC6
MPI-ESM-1-2-HAM
MPI-ESM1-2-HR
MPI-ESM1-2-LR
MPI-ESM1-2-XR
MRI-AGCM3-2-H
MRI-AGCM3-2-S
MRI-ESM2-0
NESM3
NICAM16-7S
NICAM16-8S
NICAM16-9D-L78
NICAM16-9S
NorCPM1
NorESM1-F
NorESM2-HH
NorESM2-LM
NorESM2-LME
NorESM2-LMEC
NorESM2-MH
NorESM2-MM
PCMDI-test-1-0
RRTMG-LW-4-91
RRTMG-SW-4-02
RTE-RRTMGP-181204
SAM0-UNICON
TaiESM1
UKESM1-0-LL
UKESM1-0-MMh
UKESM1-ice-LL
UofT-CCSM4
VRESM-1-0
updated table
